0 info it worked if it ends with ok
1 verbose cli [ 'node', '/usr/local/bin/npm', 'run', 'server' ]
2 info using npm@1.4.9
3 info using node@v0.10.28
4 verbose node symlink /usr/local/bin/node
5 verbose run-script [ 'preserver', 'server', 'postserver' ]
6 info preserver halfbin@0.0.0
7 info server halfbin@0.0.0
8 verbose unsafe-perm in lifecycle true
9 info halfbin@0.0.0 Failed to exec server script
10 error halfbin@0.0.0 server: `node app/server`
10 error Exit status 8
11 error Failed at the halfbin@0.0.0 server script.
11 error This is most likely a problem with the halfbin package,
11 error not with npm itself.
11 error Tell the author that this fails on your system:
11 error     node app/server
11 error You can get their info via:
11 error     npm owner ls halfbin
11 error There is likely additional logging output above.
12 error System Darwin 13.3.0
13 error command "node" "/usr/local/bin/npm" "run" "server"
14 error cwd /Users/mohsen/Google Drive/Projects/halfbin
15 error node -v v0.10.28
16 error npm -v 1.4.9
17 error code ELIFECYCLE
18 verbose exit [ 1, true ]
